<?xml version="1.0" encoding="UTF-8"?>
<testsuite xmlns:xsi="http://www.w3.org/2001/XMLSchema-instance" xsi:noNamespaceSchemaLocation="https://maven.apache.org/surefire/maven-surefire-plugin/xsd/surefire-test-report.xsd" version="3.0.2" name="uk.ac.ed.acp.cw2.service.PathFindingServiceTest" time="160.024" tests="9" errors="0" skipped="0" failures="0">
  <properties>
[...]
</properties>
  <testcase name="testPathCrossesRestrictedArea_true" classname="uk.ac.ed.acp.cw2.service.PathFindingServiceTest" time="0.001"/>
  <testcase name="testPathCrossesRestrictedArea_false" classname="uk.ac.ed.acp.cw2.service.PathFindingServiceTest" time="0.0"/>
  <testcase name="testReconstructPath" classname="uk.ac.ed.acp.cw2.service.PathFindingServiceTest" time="0.0"/>
  <testcase name="testRoundedKey_1" classname="uk.ac.ed.acp.cw2.service.PathFindingServiceTest" time="0.004"/>
  <testcase name="testRoundedKey_7" classname="uk.ac.ed.acp.cw2.service.PathFindingServiceTest" time="0.0"/>
  <testcase name="testPathCrossesRestrictedArea_onBorder" classname="uk.ac.ed.acp.cw2.service.PathFindingServiceTest" time="0.0"/>
  <testcase name="testFindPath_performanceAndCorrectness" classname="uk.ac.ed.acp.cw2.service.PathFindingServiceTest" time="160.008">
    <system-out><![CDATA[Warming up JVM
Warmup complete

0.0005-0.004 radius, 50 iterations
NFZ Size | Close Avg (ms) | Far Avg (ms)
---------|----------------|-------------
       0 |           6.00 |         72.00
      10 |           9.38 |         91.70
      20 |          14.18 |        150.38
      30 |          11.40 |        147.78
      40 |          15.06 |        151.46
      50 |          18.20 |        179.66
      60 |          56.04 |        226.66
      70 |          99.14 |        319.76
      80 |          28.92 |        277.76
      90 |          31.76 |        331.76
     100 |         109.96 |        724.98

NFZ Size | Close Pass/Fail | Far Pass/Fail
---------|-----------------|---------------
       0 |      1 /      0 |     1 /     0
      10 |     50 /      0 |    50 /     0
      20 |     50 /      0 |    50 /     0
      30 |     50 /      0 |    50 /     0
      40 |     50 /      0 |    50 /     0
      50 |     50 /      0 |    50 /     0
      60 |     50 /      0 |    50 /     0
      70 |     50 /      0 |    50 /     0
      80 |     50 /      0 |    50 /     0
      90 |     50 /      0 |    50 /     0
     100 |     50 /      0 |    50 /     0
]]></system-out>
  </testcase>
  <testcase name="testPathCrossesRestrictedArea_corner" classname="uk.ac.ed.acp.cw2.service.PathFindingServiceTest" time="0.001"/>
  <testcase name="testPathCrossesRestrictedArea_intersect" classname="uk.ac.ed.acp.cw2.service.PathFindingServiceTest" time="0.001"/>
</testsuite>